<?xml version="1.0" encoding="UTF-8"?>
<testng-results ignored="0" total="1" passed="1" failed="0" skipped="0">
  <reporter-output>
  </reporter-output>
  <suite started-at="2023-02-12T13:28:10 WEST" name="AntJenkinsTestSuite" finished-at="2023-02-12T13:28:24 WEST" duration-ms="14195">
    <groups>
    </groups>
    <test started-at="2023-02-12T13:28:10 WEST" name="MyTests" finished-at="2023-02-12T13:28:24 WEST" duration-ms="14195">
      <class name="myPackage.SmokeTest">
        <test-method signature="loginTest()[pri:0, instance:myPackage.SmokeTest@7586beff]" started-at="2023-02-12T13:28:10 WEST" name="loginTest" finished-at="2023-02-12T13:28:24 WEST" duration-ms="14174" status="PASS">
          <reporter-output>
          </reporter-output>
        </test-method> <!-- loginTest -->
      </class> <!-- myPackage.SmokeTest -->
    </test> <!-- MyTests -->
  </suite> <!-- AntJenkinsTestSuite -->
</testng-results>
